{
  "RSpec": {
    "coverage": {
      "/Users/sungwoo/Development/code/learn-prework/tic-tac-toe-rb/lib/tic_tac_toe.rb": [
        null,
        null,
        null,
        1,
        null,
        null,
        null,
        null,
        null,
        null,
        null,
        null,
        null,
        null,
        1,
        25,
        25,
        25,
        25,
        25,
        null,
        null,
        1,
        24,
        null,
        null,
        null,
        1,
        23,
        null,
        null,
        1,
        110,
        null,
        null,
        1,
        24,
        null,
        null,
        1,
        21,
        21,
        21,
        21,
        20,
        20,
        null,
        1,
        null,
        null,
        null,
        1,
        12,
        12,
        5,
        7,
        3,
        null,
        null,
        null,
        1,
        43,
        277,
        null,
        null,
        null,
        null,
        null,
        1,
        206,
        null,
        null,
        1,
        21,
        null,
        null,
        1,
        22,
        null,
        null,
        1,
        7,
        6,
        null,
        null,
        null,
        1,
        22,
        22,
        198,
        32,
        null,
        null,
        22,
        null,
        null,
        1,
        21,
        null
      ]
    },
    "timestamp": 1653465138
  }
}
